2021-05-28 16:15:53,473 : ERROR : SwingWorker-pool-7-thread-2 :  : StatusSwingWorker : CSV Writer : 0:2 : Error while updating status message: Illegal char <:> at index 59: C:\Users\jan.franek\Projekty\etl\testovaci_etl\knime\data\C:\Users\jan.franek\Projekty\cenia3\transformacni_sluzba_nodejs\src\vystup.xlsx
java.nio.file.InvalidPathException: Illegal char <:> at index 59: C:\Users\jan.franek\Projekty\etl\testovaci_etl\knime\data\C:\Users\jan.franek\Projekty\cenia3\transformacni_sluzba_nodejs\src\vystup.xlsx
	at sun.nio.fs.WindowsPathParser.normalize(WindowsPathParser.java:182)
	at sun.nio.fs.WindowsPathParser.parse(WindowsPathParser.java:153)
	at sun.nio.fs.WindowsPathParser.parse(WindowsPathParser.java:77)
	at sun.nio.fs.WindowsPath.parse(WindowsPath.java:94)
	at sun.nio.fs.WindowsFileSystem.getPath(WindowsFileSystem.java:255)
	at java.nio.file.Paths.get(Paths.java:84)
	at org.knime.filehandling.core.connections.knimerelativeto.RelativeToPath.appendToBaseDir(RelativeToPath.java:124)
	at org.knime.filehandling.core.connections.knimerelativeto.LocalRelativeToFileSystem.toAbsoluteLocalPath(LocalRelativeToFileSystem.java:117)
	at org.knime.filehandling.core.connections.knimerelativeto.LocalRelativeToFileSystem.existsWithAccessibilityCheck(LocalRelativeToFileSystem.java:142)
	at org.knime.filehandling.core.connections.knimerelativeto.BaseRelativeToFileSystemProvider.exists(BaseRelativeToFileSystemProvider.java:115)
	at org.knime.filehandling.core.connections.knimerelativeto.BaseRelativeToFileSystemProvider.exists(BaseRelativeToFileSystemProvider.java:1)
	at org.knime.filehandling.core.connections.base.BaseFileSystemProvider.existsCached(BaseFileSystemProvider.java:606)
	at org.knime.filehandling.core.connections.base.BaseFileSystemProvider.readAttributes(BaseFileSystemProvider.java:665)
	at java.nio.file.Files.readAttributes(Files.java:1737)
	at org.knime.filehandling.core.connections.FSFiles.exists(FSFiles.java:296)
	at org.knime.filehandling.core.defaultnodesettings.filechooser.writer.DefaultWriterStatusMessageReporter.report(DefaultWriterStatusMessageReporter.java:107)
	at org.knime.filehandling.core.defaultnodesettings.status.StatusSwingWorker.doInBackgroundWithContext(StatusSwingWorker.java:107)
	at org.knime.filehandling.core.defaultnodesettings.status.StatusSwingWorker.doInBackgroundWithContext(StatusSwingWorker.java:1)
	at org.knime.core.util.SwingWorkerWithContext.doInBackground(SwingWorkerWithContext.java:106)
	at javax.swing.SwingWorker$1.call(SwingWorker.java:295)
	at java.util.concurrent.FutureTask.run(FutureTask.java:266)
	at javax.swing.SwingWorker.run(SwingWorker.java:334)
	at java.util.concurrent.ThreadPoolExecutor.runWorker(ThreadPoolExecutor.java:1149)
	at java.util.concurrent.ThreadPoolExecutor$Worker.run(ThreadPoolExecutor.java:624)
	at java.lang.Thread.run(Thread.java:748)
2021-05-28 16:15:56,224 : ERROR : SwingWorker-pool-7-thread-10 :  : StatusSwingWorker : CSV Writer : 0:2 : Error while updating status message: Illegal char <:> at index 54: C:\Users\jan.franek\Projekty\etl\testovaci_etl\knime\C:\Users\jan.franek\Projekty\cenia3\transformacni_sluzba_nodejs\src\vystup.xlsx
java.nio.file.InvalidPathException: Illegal char <:> at index 54: C:\Users\jan.franek\Projekty\etl\testovaci_etl\knime\C:\Users\jan.franek\Projekty\cenia3\transformacni_sluzba_nodejs\src\vystup.xlsx
	at sun.nio.fs.WindowsPathParser.normalize(WindowsPathParser.java:182)
	at sun.nio.fs.WindowsPathParser.parse(WindowsPathParser.java:153)
	at sun.nio.fs.WindowsPathParser.parse(WindowsPathParser.java:77)
	at sun.nio.fs.WindowsPath.parse(WindowsPath.java:94)
	at sun.nio.fs.WindowsFileSystem.getPath(WindowsFileSystem.java:255)
	at java.nio.file.Paths.get(Paths.java:84)
	at org.knime.filehandling.core.connections.knimerelativeto.RelativeToPath.appendToBaseDir(RelativeToPath.java:124)
	at org.knime.filehandling.core.connections.knimerelativeto.LocalRelativeToFileSystem.toAbsoluteLocalPath(LocalRelativeToFileSystem.java:117)
	at org.knime.filehandling.core.connections.knimerelativeto.LocalRelativeToFileSystem.existsWithAccessibilityCheck(LocalRelativeToFileSystem.java:142)
	at org.knime.filehandling.core.connections.knimerelativeto.BaseRelativeToFileSystemProvider.exists(BaseRelativeToFileSystemProvider.java:115)
	at org.knime.filehandling.core.connections.knimerelativeto.BaseRelativeToFileSystemProvider.exists(BaseRelativeToFileSystemProvider.java:1)
	at org.knime.filehandling.core.connections.base.BaseFileSystemProvider.existsCached(BaseFileSystemProvider.java:606)
	at org.knime.filehandling.core.connections.base.BaseFileSystemProvider.readAttributes(BaseFileSystemProvider.java:665)
	at java.nio.file.Files.readAttributes(Files.java:1737)
	at org.knime.filehandling.core.connections.FSFiles.exists(FSFiles.java:296)
	at org.knime.filehandling.core.defaultnodesettings.filechooser.writer.DefaultWriterStatusMessageReporter.report(DefaultWriterStatusMessageReporter.java:107)
	at org.knime.filehandling.core.defaultnodesettings.status.StatusSwingWorker.doInBackgroundWithContext(StatusSwingWorker.java:107)
	at org.knime.filehandling.core.defaultnodesettings.status.StatusSwingWorker.doInBackgroundWithContext(StatusSwingWorker.java:1)
	at org.knime.core.util.SwingWorkerWithContext.doInBackground(SwingWorkerWithContext.java:106)
	at javax.swing.SwingWorker$1.call(SwingWorker.java:295)
	at java.util.concurrent.FutureTask.run(FutureTask.java:266)
	at javax.swing.SwingWorker.run(SwingWorker.java:334)
	at java.util.concurrent.ThreadPoolExecutor.runWorker(ThreadPoolExecutor.java:1149)
	at java.util.concurrent.ThreadPoolExecutor$Worker.run(ThreadPoolExecutor.java:624)
	at java.lang.Thread.run(Thread.java:748)
2021-05-28 16:19:03,466 : WARN  : main :  : Node : Excel Reader : 3:1 : Please specify a file
2021-05-28 16:19:32,132 : WARN  : main :  : Node : CSV Writer : 3:2 : Please specify a file
